Determining if the pthread_create exist failed with the following output:
Change Dir: /home/ros/ros_test_workspace/build/CMakeFiles/CMakeTmp

Run Build Command:"/usr/bin/make" "cmTC_b65fd/fast"
/usr/bin/make -f CMakeFiles/cmTC_b65fd.dir/build.make CMakeFiles/cmTC_b65fd.dir/build
make[1]: Entering directory '/home/ros/ros_test_workspace/build/CMakeFiles/CMakeTmp'
Building C object CMakeFiles/cmTC_b65fd.dir/CheckSymbolExists.c.o
/usr/bin/cc     -o CMakeFiles/cmTC_b65fd.dir/CheckSymbolExists.c.o   -c /home/ros/ros_test_workspace/build/CMakeFiles/CMakeTmp/CheckSymbolExists.c
Linking C executable cmTC_b65fd
/usr/bin/cmake -E cmake_link_script CMakeFiles/cmTC_b65fd.dir/link.txt --verbose=1
/usr/bin/cc       CMakeFiles/cmTC_b65fd.dir/CheckSymbolExists.c.o  -o cmTC_b65fd -rdynamic 
CMakeFiles/cmTC_b65fd.dir/CheckSymbolExists.c.o: In function `main':
CheckSymbolExists.c:(.text+0x16): undefined reference to `pthread_create'
collect2: error: ld returned 1 exit status
CMakeFiles/cmTC_b65fd.dir/build.make:97: recipe for target 'cmTC_b65fd' failed
make[1]: *** [cmTC_b65fd] Error 1
make[1]: Leaving directory '/home/ros/ros_test_workspace/build/CMakeFiles/CMakeTmp'
Makefile:126: recipe for target 'cmTC_b65fd/fast' failed
make: *** [cmTC_b65fd/fast] Error 2

File /home/ros/ros_test_workspace/build/CMakeFiles/CMakeTmp/CheckSymbolExists.c:
/* */
#include <pthread.h>

int main(int argc, char** argv)
{
  (void)argv;
#ifndef pthread_create
  return ((int*)(&pthread_create))[argc];
#else
  (void)argc;
  return 0;
#endif
}

Determining if the function pthread_create exists in the pthreads failed with the following output:
Change Dir: /home/ros/ros_test_workspace/build/CMakeFiles/CMakeTmp

Run Build Command:"/usr/bin/make" "cmTC_4e4db/fast"
/usr/bin/make -f CMakeFiles/cmTC_4e4db.dir/build.make CMakeFiles/cmTC_4e4db.dir/build
make[1]: Entering directory '/home/ros/ros_test_workspace/build/CMakeFiles/CMakeTmp'
Building C object CMakeFiles/cmTC_4e4db.dir/CheckFunctionExists.c.o
/usr/bin/cc    -DCHECK_FUNCTION_EXISTS=pthread_create   -o CMakeFiles/cmTC_4e4db.dir/CheckFunctionExists.c.o   -c /usr/share/cmake-3.5/Modules/CheckFunctionExists.c
Linking C executable cmTC_4e4db
/usr/bin/cmake -E cmake_link_script CMakeFiles/cmTC_4e4db.dir/link.txt --verbose=1
/usr/bin/cc   -DCHECK_FUNCTION_EXISTS=pthread_create    CMakeFiles/cmTC_4e4db.dir/CheckFunctionExists.c.o  -o cmTC_4e4db -rdynamic -lpthreads 
/usr/bin/ld: cannot find -lpthreads
collect2: error: ld returned 1 exit status
CMakeFiles/cmTC_4e4db.dir/build.make:97: recipe for target 'cmTC_4e4db' failed
make[1]: *** [cmTC_4e4db] Error 1
make[1]: Leaving directory '/home/ros/ros_test_workspace/build/CMakeFiles/CMakeTmp'
Makefile:126: recipe for target 'cmTC_4e4db/fast' failed
make: *** [cmTC_4e4db/fast] Error 2


